[13:58:23] [main/INFO]: Loading Minecraft 1.21.5 with Fabric Loader 0.16.10
[13:58:24] [main/WARN]: Warnings were found!
 - Mod 'Dynamic FPS' (dynamic_fps) 3.9.2 recommends any version of modmenu, which is missing!
	 - You should install any version of modmenu for the optimal experience.
 - Mod 'Reese's Sodium Options' (reeses-sodium-options) 1.8.3+mc1.21.4 recommends version 0.4.2 or later of sodium-extra, which is missing!
	 - You should install version 0.4.2 or later of sodium-extra for the optimal experience.
[13:58:24] [main/INFO]: Loading 94 mods:
	- almanac 1.4.5
	- alternate-current 1.9.0
	- badoptimizations 2.2.1
	- balm 21.5.9
	   \-- kuma_api 21.5.2
	- cloth-config 18.0.145
	   \-- cloth-basic-math 0.6.1
	- clumps 23.0.0.1
	- controlling 23.0.1
	- defaultoptions 21.5.1
	- dynamic_fps 3.9.2
	   \-- net_lostluma_battery 1.3.0
	- entityculling 1.7.4
	- fabric-api 0.119.9+1.21.5
	   |-- fabric-api-base 0.4.62+73a52b4b49
	   |-- fabric-api-lookup-api-v1 1.6.95+86c3a9f149
	   |-- fabric-biome-api-v1 16.0.7+2dd063df49
	   |-- fabric-block-api-v1 1.0.37+86c3a9f149
	   |-- fabric-block-view-api-v2 1.0.26+aa6d566c49
	   |-- fabric-blockrenderlayer-v1 2.0.16+86c3a9f149
	   |-- fabric-client-tags-api-v1 1.1.37+86c3a9f149
	   |-- fabric-command-api-v1 1.2.70+f71b366f49
	   |-- fabric-command-api-v2 2.2.49+73a52b4b49
	   |-- fabric-commands-v0 0.2.87+df3654b349
	   |-- fabric-content-registries-v0 10.0.11+216530c849
	   |-- fabric-convention-tags-v1 2.1.29+7f945d5b49
	   |-- fabric-convention-tags-v2 2.14.3+fca633a049
	   |-- fabric-crash-report-info-v1 0.3.12+86c3a9f149
	   |-- fabric-data-attachment-api-v1 1.6.6+7b20cbb049
	   |-- fabric-data-generation-api-v1 22.3.3+d94614b849
	   |-- fabric-dimensions-v1 4.0.16+86c3a9f149
	   |-- fabric-entity-events-v1 2.0.25+27c1078f49
	   |-- fabric-events-interaction-v0 4.0.13+73a52b4b49
	   |-- fabric-game-rule-api-v1 1.0.70+c327076a49
	   |-- fabric-item-api-v1 11.3.2+2ccdb6ef49
	   |-- fabric-item-group-api-v1 4.2.8+3459fc6149
	   |-- fabric-key-binding-api-v1 1.0.63+ecf51cdc49
	   |-- fabric-keybindings-v0 0.2.61+df3654b349
	   |-- fabric-lifecycle-events-v1 2.5.13+5cbce67349
	   |-- fabric-loot-api-v2 3.0.47+3f89f5a549
	   |-- fabric-loot-api-v3 1.0.35+86c3a9f149
	   |-- fabric-message-api-v1 6.0.33+86c3a9f149
	   |-- fabric-model-loading-api-v1 5.0.3+129968e949
	   |-- fabric-networking-api-v1 4.4.0+f3ffa98949
	   |-- fabric-object-builder-api-v1 21.0.0+7b20cbb049
	   |-- fabric-particles-v1 4.0.22+86c3a9f149
	   |-- fabric-recipe-api-v1 8.1.6+052a85d049
	   |-- fabric-registry-sync-v0 6.1.20+b556383249
	   |-- fabric-renderer-api-v1 6.0.0+55bce67a49
	   |-- fabric-renderer-indigo 3.0.1+8125baf649
	   |-- fabric-rendering-data-attachment-v1 0.3.64+73761d2e49
	   |-- fabric-rendering-fluids-v1 3.1.27+86c3a9f149
	   |-- fabric-rendering-v1 11.1.11+081cc04349
	   |-- fabric-resource-conditions-api-v1 5.0.21+73a52b4b49
	   |-- fabric-resource-loader-v0 3.1.6+02ca679649
	   |-- fabric-screen-api-v1 2.0.46+86c3a9f149
	   |-- fabric-screen-handler-api-v1 1.3.127+c327076a49
	   |-- fabric-sound-api-v1 1.0.38+86c3a9f149
	   |-- fabric-tag-api-v1 1.0.16+ecf51cdc49
	   |-- fabric-transfer-api-v1 5.4.23+7b20cbb049
	   \-- fabric-transitive-access-wideners-v1 6.3.17+f17a180c49
	- fabricloader 0.16.10
	   \-- mixinextras 0.4.1
	- fastipping 1.0.5
	- fastquit 3.0.0+1.21.4
	- ferritecore 8.0.0
	- immediatelyfast 1.9.1+1.21.5
	   \-- net_lenni0451_reflect 1.3.4
	- iris 1.8.11+mc1.21.5
	   |-- io_github_douira_glsl-transformer 2.0.1
	   |-- org_anarres_jcpp 1.4.14
	   \-- org_antlr_antlr4-runtime 4.13.1
	- java 21
	- krypton 0.2.9
	   \-- com_velocitypowered_velocity-native 3.4.0-SNAPSHOT
	- languagereload 1.7.3+1.21.5
	- letmedespawn 1.5.1
	- lithium 0.16.1+mc1.21.5
	- minecraft 1.21.5
	- moreculling 1.3.0
	   |-- conditional-mixin 0.6.3
	   \-- mixinsquared 0.2.0
	- mousetweaks 2.27
	- netherportalfix 21.5.1
	- reeses-sodium-options 1.8.3+mc1.21.4
	- searchables 1.0.2
	- servercore 1.5.10+1.21.5
	   |-- fabric-permissions-api-v0 0.3.3
	   |-- org_yaml_snakeyaml 2.3
	   |-- placeholder-api 2.6.2+1.21.5
	   |-- space_arim_dazzleconf_dazzleconf-core 1.3.0-M2
	   \-- space_arim_dazzleconf_dazzleconf-ext-snakeyaml 1.3.0-M2
	- sodium 0.6.13+mc1.21.5
	- spark 1.10.128
	   \-- fabric-permissions-api-v0 0.3.3
[13:58:28] [main/INFO]: SpongePowered MIXIN Subsystem Version=0.8.7 Source=file:/D:/JT%20Minecraft%20Files,%20Mods,%20and%20Dependencies/Prism%20Launcher/libraries/net/fabricmc/sponge-mixin/0.15.4+mixin.0.8.7/sponge-mixin-0.15.4+mixin.0.8.7.jar Service=Knot/Fabric Env=CLIENT
[13:58:37] [main/INFO]: Compatibility level set to JAVA_21
[13:58:38] [main/INFO]: Loading config file
[13:58:38] [main/INFO]: Config version: 4
[13:58:38] [main/INFO]: BadOptimizations config dump:
[13:58:38] [main/INFO]: enable_toast_optimizations: true
[13:58:38] [main/INFO]: ignore_mod_incompatibilities: false
[13:58:38] [main/INFO]: lightmap_time_change_needed_for_update: 80
[13:58:38] [main/INFO]: enable_lightmap_caching: true
[13:58:38] [main/INFO]: enable_particle_manager_optimization: true
[13:58:38] [main/INFO]: enable_entity_renderer_caching: true
[13:58:38] [main/INFO]: log_config: true
[13:58:38] [main/INFO]: enable_remove_redundant_fov_calculations: true
[13:58:38] [main/INFO]: config_version: 4
[13:58:38] [main/INFO]: enable_sky_angle_caching_in_worldrenderer: true
[13:58:38] [main/INFO]: enable_block_entity_renderer_caching: true
[13:58:38] [main/INFO]: skycolor_time_change_needed_for_update: 3
[13:58:38] [main/INFO]: enable_entity_flag_caching: true
[13:58:38] [main/INFO]: enable_debug_renderer_disable_if_not_needed: true
[13:58:38] [main/INFO]: enable_sky_color_caching: true
[13:58:38] [main/INFO]: enable_remove_tutorial_if_not_demo: true
[13:58:38] [main/INFO]: show_f3_text: true
[13:58:38] [main/INFO]: Note: Entity flag caching has no effect in Minecraft 1.20.5+ as the optimization is now in vanilla.
[13:58:38] [main/WARN]: Reference map 'iris.refmap.json' for mixins.iris.json could not be read. If this is a development environment you can ignore this message
[13:58:38] [main/WARN]: Reference map 'iris-fabric.refmap.json' for mixins.iris.fabric.json could not be read. If this is a development environment you can ignore this message
[13:58:38] [main/WARN]: Reference map 'iris.refmap.json' for iris-batched-entity-rendering.mixins.json could not be read. If this is a development environment you can ignore this message
[13:58:38] [main/WARN]: Reference map 'iris.refmap.json' for mixins.iris.fantastic.json could not be read. If this is a development environment you can ignore this message
[13:58:38] [main/WARN]: Reference map 'iris.refmap.json' for mixins.iris.vertexformat.json could not be read. If this is a development environment you can ignore this message
[13:58:38] [main/WARN]: Reference map 'iris.refmap.json' for mixins.iris.bettermipmaps.json could not be read. If this is a development environment you can ignore this message
[13:58:38] [main/WARN]: Reference map 'iris.refmap.json' for mixins.iris.compat.sodium.json could not be read. If this is a development environment you can ignore this message
[13:58:38] [main/WARN]: Reference map 'iris.refmap.json' for mixins.iris.fixes.maxfpscrash.json could not be read. If this is a development environment you can ignore this message
[13:58:38] [main/WARN]: Mod 'ferritecore' attempted to override option 'mixin.alloc.blockstate', which doesn't exist, ignoring
[13:58:38] [main/INFO]: Loaded configuration file for Lithium: 148 options available, 0 override(s) found
[13:58:38] [main/INFO]: Loaded configuration file for Sodium: 43 options available, 1 override(s) found
[13:58:39] [main/WARN]: Force-disabling mixin 'features.render.world.sky.FogRendererMixin' as rule 'mixin.features.render.world.sky' (added by mods [iris]) disables it and children
[13:58:39] [main/WARN]: Force-disabling mixin 'features.render.world.sky.ClientLevelMixin' as rule 'mixin.features.render.world.sky' (added by mods [iris]) disables it and children
[13:58:39] [main/WARN]: Force-disabling mixin 'features.render.world.sky.LevelRendererMixin' as rule 'mixin.features.render.world.sky' (added by mods [iris]) disables it and children
[13:58:39] [main/INFO]: Searching for graphics cards...
[13:58:40] [main/INFO]: Found graphics adapter: AdapterInfo{vendor=INTEL, description='Intel(R) Iris(R) Xe Graphics', adapterType=0x0000232B, openglIcdFilePath='C:\Windows\System32\DriverStore\FileRepository\iigd_dch.inf_amd64_fece6090479554d2\igxelpicd64.dll', openglIcdVersion=32.0.101.6129}
[13:58:40] [main/INFO]: Found graphics adapter: AdapterInfo{vendor=NVIDIA, description='NVIDIA GeForce RTX 3050 Ti Laptop GPU', adapterType=0x00002311, openglIcdFilePath='C:\WINDOWS\System32\DriverStore\FileRepository\nvmsosi.inf_amd64_100d1558965901f6\nvoglv64.dll', openglIcdVersion=32.0.15.7283}
[13:58:40] [main/WARN]: Sodium has applied one or more workarounds to prevent crashes or other issues on your system: [NVIDIA_THREADED_OPTIMIZATIONS_BROKEN]
[13:58:40] [main/WARN]: This is not necessarily an issue, but it may result in certain features or optimizations being disabled. You can sometimes fix these issues by upgrading your graphics driver.
[13:58:40] [main/INFO]: Initializing MixinExtras via com.llamalad7.mixinextras.service.MixinExtrasServiceImpl(version=0.4.1).
[13:58:43] [Datafixer Bootstrap/INFO]: 263 Datafixer optimizations took 1618 milliseconds
[13:58:50] [main/INFO]: Completely ignored arguments: []
[13:58:50] [main/WARN]: Unrecognized user type: 
[13:58:50] [Render thread/INFO]: Environment: Environment[sessionHost=https://sessionserver.mojang.com, servicesHost=https://api.minecraftservices.com, name=PROD]
[13:58:50] [Render thread/INFO]: Setting user: TESTER
[13:58:51] [Render thread/INFO]: ping & connect fast!
[13:58:51] [Render thread/INFO]: Compression will use Java, encryption will use Java
[13:58:51] [Render thread/INFO]: [ServerCore] Loaded V1.5.10+1.21.5!
[13:58:51] [Render thread/INFO]: Dynamic FPS 3.9.2 active on Fabric!
[13:58:51] [Render thread/INFO]: [Indigo] Different rendering plugin detected; not applying Indigo.
[13:58:51] [Render thread/INFO]: [FastQuit] Initialized
[13:58:51] [Render thread/INFO]: Krypton is now accelerating your Minecraft client's networking stack 🚀
[13:58:51] [Render thread/INFO]: Note that Krypton is most effective on servers, not the client.
[13:58:51] [Render thread/INFO]: [STDOUT]: [Mouse Tweaks] Main.initialize()
[13:58:51] [Render thread/INFO]: [STDOUT]: [Mouse Tweaks] Initialized.
[13:58:52] [Render thread/INFO]: Loaded default options for extra-folder
[13:58:52] [Render thread/INFO]: Backend library: LWJGL version 3.3.3-snapshot
[13:58:52] [Render thread/INFO]: Modifying process environment to apply workarounds for the NVIDIA graphics driver...
[13:58:53] [ForkJoinPool.commonPool-worker-1/WARN]: [Iris Update Check] This version doesn't have an update index, skipping.
[13:58:55] [Render thread/INFO]: Initializing ImmediatelyFast 1.9.1+1.21.5 on NVIDIA GeForce RTX 3050 Ti Laptop GPU/PCIe/SSE2 (NVIDIA Corporation) with OpenGL 3.2.0 NVIDIA 572.83
[13:58:55] [Render thread/INFO]: Found Iris/Oculus 1.8.11+mc1.21.5. Enabling compatibility.
[13:58:55] [Render thread/INFO]: Debug functionality is disabled.
[13:58:55] [Render thread/INFO]: ARB_direct_state_access detected, enabling DSA.
[13:58:55] [Render thread/INFO]: Profile: medium (+0 options changed by user)
[13:58:56] [Render thread/WARN]: Warning: the block ID map entry "betterendforge::lumecorn:shape=light_top_middle" could not be fully parsed:
[13:58:56] [Render thread/WARN]: - Block state property filters must be of the form "key=value", but lumecorn is not of that form!
[13:58:56] [Render thread/WARN]: Warning: the block ID map entry "betterendforge::lumecorn:shape=light_middle" could not be fully parsed:
[13:58:56] [Render thread/WARN]: - Block state property filters must be of the form "key=value", but lumecorn is not of that form!
[13:58:56] [Render thread/WARN]: Warning: the block ID map entry "betterendforge::lumecorn:shape=light_bottom" could not be fully parsed:
[13:58:56] [Render thread/WARN]: - Block state property filters must be of the form "key=value", but lumecorn is not of that form!
[13:58:56] [Render thread/WARN]: Warning: the block ID map entry "betterendforge::purple_polypore" could not be fully parsed:
[13:58:56] [Render thread/WARN]: - Block state property filters must be of the form "key=value", but purple_polypore is not of that form!
[13:58:56] [Render thread/WARN]: Warning: the block ID map entry "betterendforge::bulb_vine:shape=bottom" could not be fully parsed:
[13:58:56] [Render thread/WARN]: - Block state property filters must be of the form "key=value", but bulb_vine is not of that form!
[13:58:56] [Render thread/INFO]: Using shaderpack: MakeUp-UltraFast-9.1c.zip
[13:58:56] [Render thread/INFO]: OpenGL Vendor: NVIDIA Corporation
[13:58:56] [Render thread/INFO]: OpenGL Renderer: NVIDIA GeForce RTX 3050 Ti Laptop GPU/PCIe/SSE2
[13:58:56] [Render thread/INFO]: OpenGL Version: 3.2.0 NVIDIA 572.83
[13:58:56] [Render thread/INFO]: Modifying OpenGL context to apply workarounds for the NVIDIA graphics driver...
[13:58:56] [Render thread/INFO]: Enabling GL_DEBUG_OUTPUT_SYNCHRONOUS to force the NVIDIA driver to disable threadedcommand submission
[13:58:56] [Render thread/INFO]: Using optional rendering extensions: GL_KHR_debug, GL_ARB_vertex_attrib_binding, GL_ARB_direct_state_access
[13:58:56] [Render thread/INFO]: Hardware information:
[13:58:56] [Render thread/INFO]: CPU: 8x 11th Gen Intel(R) Core(TM) i7-11370H @ 3.30GHz
[13:58:56] [Render thread/INFO]: GPU: NVIDIA GeForce RTX 3050 Ti Laptop GPU/PCIe/SSE2 (Supports OpenGL 3.2.0 NVIDIA 572.83)
[13:58:56] [Render thread/INFO]: OS: Windows 11 (10.0)
[13:58:57] [Download-1/INFO]: Could not authorize you against Realms server: Invalid session id
[13:58:57] [Download-1/ERROR]: Failed to fetch Realms feature flags
net.minecraft.class_4355: Realms authentication error with message 'Invalid session id'
	at knot/net.minecraft.class_4341.method_20998(class_4341.java:495) ~[client-intermediary.jar:?]
	at knot/net.minecraft.class_4341.method_68466(class_4341.java:177) ~[client-intermediary.jar:?]
	at java.base/java.util.concurrent.CompletableFuture$AsyncSupply.run(CompletableFuture.java:1768) ~[?:?]
	at java.base/java.util.concurrent.ThreadPoolExecutor.runWorker(ThreadPoolExecutor.java:1144) ~[?:?]
	at java.base/java.util.concurrent.ThreadPoolExecutor$Worker.run(ThreadPoolExecutor.java:642) ~[?:?]
	at java.base/java.lang.Thread.run(Thread.java:1583) [?:?]
[13:58:57] [Render thread/INFO]: Reloading ResourceManager: vanilla, fabric, almanac, alternate-current, badoptimizations, balm, cloth-config, conditional-mixin, controlling, defaultoptions, dynamic_fps, entityculling, fabric-api, fabric-api-base, fabric-api-lookup-api-v1, fabric-biome-api-v1, fabric-block-api-v1, fabric-block-view-api-v2, fabric-blockrenderlayer-v1, fabric-client-tags-api-v1, fabric-command-api-v1, fabric-command-api-v2, fabric-commands-v0, fabric-content-registries-v0, fabric-convention-tags-v1, fabric-convention-tags-v2, fabric-crash-report-info-v1, fabric-data-attachment-api-v1, fabric-data-generation-api-v1, fabric-dimensions-v1, fabric-entity-events-v1, fabric-events-interaction-v0, fabric-game-rule-api-v1, fabric-item-api-v1, fabric-item-group-api-v1, fabric-key-binding-api-v1, fabric-keybindings-v0, fabric-lifecycle-events-v1, fabric-loot-api-v2, fabric-loot-api-v3, fabric-message-api-v1, fabric-model-loading-api-v1, fabric-networking-api-v1, fabric-object-builder-api-v1, fabric-particles-v1, fabric-recipe-api-v1, fabric-registry-sync-v0, fabric-renderer-api-v1, fabric-renderer-indigo, fabric-rendering-data-attachment-v1, fabric-rendering-fluids-v1, fabric-rendering-v1, fabric-resource-conditions-api-v1, fabric-resource-loader-v0, fabric-screen-api-v1, fabric-screen-handler-api-v1, fabric-sound-api-v1, fabric-tag-api-v1, fabric-transfer-api-v1, fabric-transitive-access-wideners-v1, fabricloader, fastipping, fastquit, immediatelyfast, iris, krypton, languagereload, letmedespawn, lithium, moreculling, netherportalfix, placeholder-api, reeses-sodium-options, searchables, sodium, spark
[13:58:57] [Render thread/INFO]: Cached all modded block culling states
[13:58:57] [Render thread/INFO]: Loaded default options for keymappings
[13:58:57] [Render thread/INFO]: Found 42 default keys and 0 known keys
[13:58:57] [Worker-Main-1/INFO]: Found unifont_all_no_pua-16.0.01.hex, loading
[13:58:58] [Worker-Main-7/WARN]: Method overwrite conflict for getCullingBox in sodium-common.mixins.json:core.render.world.EntityRendererAccessor from mod sodium, previously written by dev.tr7zw.entityculling.mixin.EntityRendererMixin. Skipping method.
[13:58:58] [Worker-Main-6/INFO]: Found unifont_jp_patch-16.0.01.hex, loading
[13:58:59] [Render thread/WARN]: minecraft:pipeline/entity_translucent_emissive shader program does not use sampler Sampler2 defined in the pipeline. This might be a bug.
[13:59:00] [Render thread/INFO]: OpenAL initialized on device OpenAL Soft on Surface Omnisonic Speakers (Surface High Definition Audio)
[13:59:00] [Render thread/INFO]: Sound engine started
[13:59:00] [Render thread/INFO]: Created: 1024x512x4 minecraft:textures/atlas/blocks.png-atlas
[13:59:00] [Render thread/INFO]: Created: 256x256x4 minecraft:textures/atlas/signs.png-atlas
[13:59:00] [Render thread/INFO]: Created: 512x512x4 minecraft:textures/atlas/banner_patterns.png-atlas
[13:59:00] [Render thread/INFO]: Created: 512x512x4 minecraft:textures/atlas/shield_patterns.png-atlas
[13:59:00] [Render thread/INFO]: Created: 2048x1024x4 minecraft:textures/atlas/armor_trims.png-atlas
[13:59:00] [Render thread/INFO]: Created: 256x256x4 minecraft:textures/atlas/chest.png-atlas
[13:59:00] [Render thread/INFO]: Created: 128x64x4 minecraft:textures/atlas/decorated_pot.png-atlas
[13:59:00] [Render thread/INFO]: Created: 512x256x4 minecraft:textures/atlas/beds.png-atlas
[13:59:00] [Render thread/INFO]: Created: 512x256x4 minecraft:textures/atlas/shulker_boxes.png-atlas
[13:59:00] [Render thread/INFO]: Created: 64x64x0 minecraft:textures/atlas/map_decorations.png-atlas
[13:59:00] [Render thread/INFO]: Created: 512x256x0 minecraft:textures/atlas/particles.png-atlas
[13:59:00] [Render thread/INFO]: Created: 512x256x0 minecraft:textures/atlas/paintings.png-atlas
[13:59:00] [Render thread/INFO]: Created: 256x128x0 minecraft:textures/atlas/mob_effects.png-atlas
[13:59:00] [Render thread/INFO]: Created: 1024x512x0 minecraft:textures/atlas/gui.png-atlas
[13:59:01] [Render thread/INFO]: Creating pipeline for dimension minecraft:overworld
[13:59:11] [Render thread/INFO]: Found new data pack balm, loading it automatically
[13:59:11] [Render thread/INFO]: Found new data pack fabric, loading it automatically
[13:59:11] [Render thread/INFO]: Found new data pack fabric-convention-tags-v2, loading it automatically
[13:59:13] [Render thread/INFO]: Loaded 1373 recipes
[13:59:13] [Render thread/INFO]: Loaded 1484 advancements
[13:59:13] [Render thread/INFO]: Applied 0 biome modifications to 0 of 65 new biomes in 2.361 ms
[13:59:13] [Server thread/INFO]: Starting background profiler...
[13:59:13] [Server thread/INFO]: The async-profiler engine is not supported for your os/arch (windows11/amd64), so the built-in Java engine will be used instead.
[13:59:14] [Server thread/INFO]: Starting integrated minecraft server version 1.21.5
[13:59:14] [Server thread/INFO]: Generating keypair
[13:59:18] [Server thread/INFO]: Preparing start region for dimension minecraft:overworld
[13:59:18] [Render thread/INFO]: Preparing spawn area: 2%
[13:59:19] [Render thread/INFO]: Preparing spawn area: 2%
[13:59:19] [Render thread/INFO]: Preparing spawn area: 2%
[13:59:20] [Render thread/INFO]: Preparing spawn area: 2%
[13:59:20] [Render thread/INFO]: Preparing spawn area: 18%
[13:59:21] [Render thread/INFO]: Preparing spawn area: 18%
[13:59:21] [Render thread/INFO]: Preparing spawn area: 18%
[13:59:22] [Render thread/INFO]: Preparing spawn area: 51%
[13:59:22] [Render thread/INFO]: Preparing spawn area: 51%
[13:59:23] [Render thread/INFO]: Time elapsed: 4214 ms
[13:59:23] [Server thread/INFO]: Changing view distance to 14, from 10
[13:59:23] [Server thread/INFO]: Changing simulation distance to 11, from 0
[13:59:24] [Server thread/INFO]: TESTER[local:E:6803105b] logged in with entity id 66 at (-43.5, 71.0, 57.5)
[13:59:24] [Server thread/INFO]: TESTER joined the game
[13:59:24] [Render thread/INFO]: Reloading pipeline on dimension change: minecraft:overworld => minecraft:overworld
[13:59:24] [Render thread/INFO]: Destroying pipeline minecraft:overworld
[13:59:24] [Render thread/INFO]: Creating pipeline for dimension minecraft:overworld
[13:59:24] [Render thread/INFO]: Started 2 worker threads
[13:59:24] [Render thread/INFO]: Loaded 2 advancements
[13:59:24] [Render thread/INFO]: Stopping worker threads
[13:59:24] [Render thread/INFO]: Started 2 worker threads
[13:59:25] [Render thread/WARN]: Found unknown and unsupported uniform InSampler in iris:composite
[13:59:25] [Server thread/INFO]: Saving and pausing game...
[13:59:25] [Server thread/INFO]: saving Alternate Current config
[13:59:25] [Server thread/INFO]: Saving chunks for level 'ServerLevel[Demo World]'/minecraft:overworld
[13:59:25] [Server thread/INFO]: Saving chunks for level 'ServerLevel[Demo World]'/minecraft:the_end
[13:59:25] [Server thread/INFO]: Saving chunks for level 'ServerLevel[Demo World]'/minecraft:the_nether
[13:59:32] [Render thread/INFO]: [System] [CHAT] Use the W, A, S, D keys and the mouse to move around
[13:59:36] [Render thread/INFO]: [System] [CHAT] Jump by pressing the Space key
[13:59:37] [Server thread/INFO]: Saving and pausing game...
[13:59:37] [Server thread/INFO]: Saving chunks for level 'ServerLevel[Demo World]'/minecraft:overworld
[13:59:37] [Server thread/INFO]: Saving chunks for level 'ServerLevel[Demo World]'/minecraft:the_end
[13:59:37] [Server thread/INFO]: Saving chunks for level 'ServerLevel[Demo World]'/minecraft:the_nether
[13:59:39] [Render thread/INFO]: Stopping!
[13:59:39] [CullThread/INFO]: [STDOUT]: Shutting down culling task!
[13:59:39] [Render thread/INFO]: [FastQuit] Disconnected "Demo World" from the client.
[13:59:39] [Render thread/INFO]: Stopping worker threads
[13:59:39] [Render thread/INFO]: [FastQuit] Exiting FastQuit.
[13:59:39] [Render thread/INFO]: [FastQuit] Waiting for "Demo World" to finish saving...
[13:59:39] [Server thread/INFO]: TESTER lost connection: Disconnected
[13:59:39] [Server thread/INFO]: TESTER left the game
[13:59:39] [Server thread/INFO]: Stopping singleplayer server as player logged out
[13:59:39] [Server thread/INFO]: Stopping server
[13:59:39] [Server thread/INFO]: Saving players
[13:59:39] [Server thread/INFO]: Saving worlds
[13:59:39] [spark-java-sampler-0-0/WARN]: Exception occurred while getting world info
java.util.concurrent.RejectedExecutionException: Server already shutting down
	at knot/net.minecraft.server.MinecraftServer.method_40000(MinecraftServer.java:1445) ~[client-intermediary.jar:?]
	at knot/me.lucko.spark.fabric.plugin.FabricServerSparkPlugin.executeSync(FabricServerSparkPlugin.java:123) ~[spark-1.10.128-fabric.jar:?]
	at java.base/java.util.concurrent.CompletableFuture.asyncSupplyStage(CompletableFuture.java:1782) ~[?:?]
	at java.base/java.util.concurrent.CompletableFuture.supplyAsync(CompletableFuture.java:2005) ~[?:?]
	at knot/me.lucko.spark.common.platform.world.AsyncWorldInfoProvider.async(AsyncWorldInfoProvider.java:55) ~[spark-1.10.128-fabric.jar:?]
	at knot/me.lucko.spark.common.platform.world.AsyncWorldInfoProvider.pollCounts(AsyncWorldInfoProvider.java:77) ~[spark-1.10.128-fabric.jar:?]
	at knot/me.lucko.spark.common.platform.world.AsyncWorldInfoProvider.getCounts(AsyncWorldInfoProvider.java:93) ~[spark-1.10.128-fabric.jar:?]
	at knot/me.lucko.spark.common.sampler.window.WindowStatisticsCollector.measure(WindowStatisticsCollector.java:186) ~[spark-1.10.128-fabric.jar:?]
	at java.base/java.util.concurrent.ConcurrentHashMap.computeIfAbsent(ConcurrentHashMap.java:1708) ~[?:?]
	at knot/me.lucko.spark.common.sampler.window.WindowStatisticsCollector.measureNow(WindowStatisticsCollector.java:124) ~[spark-1.10.128-fabric.jar:?]
	at knot/me.lucko.spark.common.sampler.java.JavaSampler.stop(JavaSampler.java:116) ~[spark-1.10.128-fabric.jar:?]
	at knot/me.lucko.spark.common.sampler.java.JavaSampler.run(JavaSampler.java:139) ~[spark-1.10.128-fabric.jar:?]
	at java.base/java.util.concurrent.Executors$RunnableAdapter.call(Executors.java:572) ~[?:?]
	at java.base/java.util.concurrent.FutureTask.runAndReset(FutureTask.java:358) ~[?:?]
	at java.base/java.util.concurrent.ScheduledThreadPoolExecutor$ScheduledFutureTask.run(ScheduledThreadPoolExecutor.java:305) ~[?:?]
	at java.base/java.util.concurrent.ThreadPoolExecutor.runWorker(ThreadPoolExecutor.java:1144) ~[?:?]
	at java.base/java.util.concurrent.ThreadPoolExecutor$Worker.run(ThreadPoolExecutor.java:642) ~[?:?]
	at java.base/java.lang.Thread.run(Thread.java:1583) [?:?]
[13:59:39] [Server thread/INFO]: Saving chunks for level 'ServerLevel[Demo World]'/minecraft:overworld
[13:59:41] [Server thread/INFO]: Saving chunks for level 'ServerLevel[Demo World]'/minecraft:the_end
[13:59:41] [Server thread/INFO]: Saving chunks for level 'ServerLevel[Demo World]'/minecraft:the_nether
[13:59:41] [Server thread/INFO]: ThreadedAnvilChunkStorage (Demo_World): All chunks are saved
[13:59:41] [Server thread/INFO]: ThreadedAnvilChunkStorage (DIM1): All chunks are saved
[13:59:41] [Server thread/INFO]: ThreadedAnvilChunkStorage (DIM-1): All chunks are saved
[13:59:41] [Server thread/INFO]: ThreadedAnvilChunkStorage: All dimensions are saved
[13:59:41] [Server thread/INFO]: [FastQuit] Finished saving "Demo World" (2s)
